<?xml version="1.0" encoding="UTF-8"?>
<robot generator="Robot 4.1.3 (Python 3.10.2 on win32)" generated="20220224 01:21:44.684" rpa="false" schemaversion="2">
<suite id="s1" name="ExercicioArgumentos" source="C:\CursoUdemy\Variaveis\ExercicioArgumentos.robot">
<test id="s1-t1" name="Caso de Teste - Gerar email aleatorio">
<kw name="Gerar Email">
<arg>${PESSOA.nome}</arg>
<arg>${PESSOA.sobrenome}</arg>
<arg>${PESSOA.string}</arg>
<kw name="Set Suite Variable" library="BuiltIn">
<var>${EMAIL_GERADO}</var>
<arg>${PESSOA.nome}${PESSOA.sobrenome}${PESSOA.string}@testerobot.com</arg>
<doc>Makes a variable available everywhere within the scope of the current suite.</doc>
<msg timestamp="20220224 01:21:44.911" level="FAIL">Invalid variable name '${PESSOA.nome}${PESSOA.sobrenome}${PESSOA.string}@testerobot.com'.</msg>
<status status="FAIL" starttime="20220224 01:21:44.911" endtime="20220224 01:21:44.911"/>
</kw>
<status status="FAIL" starttime="20220224 01:21:44.911" endtime="20220224 01:21:44.911"/>
</kw>
<kw name="Imprimir Email">
<status status="NOT RUN" starttime="20220224 01:21:44.911" endtime="20220224 01:21:44.911"/>
</kw>
<status status="FAIL" starttime="20220224 01:21:44.902" endtime="20220224 01:21:44.911">Invalid variable name '${PESSOA.nome}${PESSOA.sobrenome}${PESSOA.string}@testerobot.com'.</status>
</test>
<doc>Este arquivo tem como finalidade trabalhar keywords com argumentos</doc>
<status status="FAIL" starttime="20220224 01:21:44.684" endtime="20220224 01:21:44.915"/>
</suite>
<statistics>
<total>
<stat pass="0" fail="1" skip="0">All Tests</stat>
</total>
<tag>
</tag>
<suite>
<stat pass="0" fail="1" skip="0" id="s1" name="ExercicioArgumentos">ExercicioArgumentos</stat>
</suite>
</statistics>
<errors>
</errors>
</robot>
