<?xml version="1.0" encoding="UTF-8"?>
<robot generator="Robot 4.1.3 (Python 3.10.2 on win32)" generated="20220224 16:28:43.094" rpa="false" schemaversion="2">
<suite id="s1" name="ExercicioIFsFor" source="C:\CursoUdemy\estruturas\ExercicioIFsFor.robot">
<test id="s1-t1" name="Caso de Teste - Imprimir número 5 e 10">
<kw name="Verificar se o número é 5 ou 10">
<kw name="Log To Console" library="BuiltIn">
<arg>${\n}</arg>
<doc>Logs the given message to the console.</doc>
<status status="PASS" starttime="20220224 16:28:43.111" endtime="20220224 16:28:43.111"/>
</kw>
<for flavor="IN">
<var>${CONTADOR}</var>
<value>@{LISTA_NUMEROS}</value>
<iter>
<var name="${CONTADOR}">1</var>
<if>
<branch type="IF" condition="${CONTADOR} == 5">
<kw name="Log To Console" library="BuiltIn">
<arg>Eu sou o número 5!</arg>
<doc>Logs the given message to the console.</doc>
<status status="NOT RUN" starttime="20220224 16:28:43.112" endtime="20220224 16:28:43.112"/>
</kw>
<status status="NOT RUN" starttime="20220224 16:28:43.112" endtime="20220224 16:28:43.112"/>
</branch>
<branch type="ELSE IF" condition="${CONTADOR} == 10">
<kw name="Log To Console" library="BuiltIn">
<arg>Eu sou o número 10!</arg>
<doc>Logs the given message to the console.</doc>
<status status="NOT RUN" starttime="20220224 16:28:43.112" endtime="20220224 16:28:43.112"/>
</kw>
<status status="NOT RUN" starttime="20220224 16:28:43.112" endtime="20220224 16:28:43.112"/>
</branch>
<branch type="ELSE">
<kw name="Log To Console" library="BuiltIn">
<arg>Eu não sou o número 5 e nem o 10!</arg>
<doc>Logs the given message to the console.</doc>
<status status="PASS" starttime="20220224 16:28:43.112" endtime="20220224 16:28:43.112"/>
</kw>
<status status="PASS" starttime="20220224 16:28:43.112" endtime="20220224 16:28:43.112"/>
</branch>
<status status="PASS" starttime="20220224 16:28:43.111" endtime="20220224 16:28:43.112"/>
</if>
<status status="PASS" starttime="20220224 16:28:43.111" endtime="20220224 16:28:43.112"/>
</iter>
<iter>
<var name="${CONTADOR}">2</var>
<if>
<branch type="IF" condition="${CONTADOR} == 5">
<kw name="Log To Console" library="BuiltIn">
<arg>Eu sou o número 5!</arg>
<doc>Logs the given message to the console.</doc>
<status status="NOT RUN" starttime="20220224 16:28:43.113" endtime="20220224 16:28:43.113"/>
</kw>
<status status="NOT RUN" starttime="20220224 16:28:43.112" endtime="20220224 16:28:43.113"/>
</branch>
<branch type="ELSE IF" condition="${CONTADOR} == 10">
<kw name="Log To Console" library="BuiltIn">
<arg>Eu sou o número 10!</arg>
<doc>Logs the given message to the console.</doc>
<status status="NOT RUN" starttime="20220224 16:28:43.113" endtime="20220224 16:28:43.113"/>
</kw>
<status status="NOT RUN" starttime="20220224 16:28:43.113" endtime="20220224 16:28:43.113"/>
</branch>
<branch type="ELSE">
<kw name="Log To Console" library="BuiltIn">
<arg>Eu não sou o número 5 e nem o 10!</arg>
<doc>Logs the given message to the console.</doc>
<status status="PASS" starttime="20220224 16:28:43.113" endtime="20220224 16:28:43.113"/>
</kw>
<status status="PASS" starttime="20220224 16:28:43.113" endtime="20220224 16:28:43.113"/>
</branch>
<status status="PASS" starttime="20220224 16:28:43.112" endtime="20220224 16:28:43.113"/>
</if>
<status status="PASS" starttime="20220224 16:28:43.112" endtime="20220224 16:28:43.113"/>
</iter>
<iter>
<var name="${CONTADOR}">3</var>
<if>
<branch type="IF" condition="${CONTADOR} == 5">
<kw name="Log To Console" library="BuiltIn">
<arg>Eu sou o número 5!</arg>
<doc>Logs the given message to the console.</doc>
<status status="NOT RUN" starttime="20220224 16:28:43.113" endtime="20220224 16:28:43.113"/>
</kw>
<status status="NOT RUN" starttime="20220224 16:28:43.113" endtime="20220224 16:28:43.113"/>
</branch>
<branch type="ELSE IF" condition="${CONTADOR} == 10">
<kw name="Log To Console" library="BuiltIn">
<arg>Eu sou o número 10!</arg>
<doc>Logs the given message to the console.</doc>
<status status="NOT RUN" starttime="20220224 16:28:43.114" endtime="20220224 16:28:43.114"/>
</kw>
<status status="NOT RUN" starttime="20220224 16:28:43.114" endtime="20220224 16:28:43.114"/>
</branch>
<branch type="ELSE">
<kw name="Log To Console" library="BuiltIn">
<arg>Eu não sou o número 5 e nem o 10!</arg>
<doc>Logs the given message to the console.</doc>
<status status="PASS" starttime="20220224 16:28:43.114" endtime="20220224 16:28:43.114"/>
</kw>
<status status="PASS" starttime="20220224 16:28:43.114" endtime="20220224 16:28:43.114"/>
</branch>
<status status="PASS" starttime="20220224 16:28:43.113" endtime="20220224 16:28:43.114"/>
</if>
<status status="PASS" starttime="20220224 16:28:43.113" endtime="20220224 16:28:43.114"/>
</iter>
<iter>
<var name="${CONTADOR}">4</var>
<if>
<branch type="IF" condition="${CONTADOR} == 5">
<kw name="Log To Console" library="BuiltIn">
<arg>Eu sou o número 5!</arg>
<doc>Logs the given message to the console.</doc>
<status status="NOT RUN" starttime="20220224 16:28:43.114" endtime="20220224 16:28:43.114"/>
</kw>
<status status="NOT RUN" starttime="20220224 16:28:43.114" endtime="20220224 16:28:43.114"/>
</branch>
<branch type="ELSE IF" condition="${CONTADOR} == 10">
<kw name="Log To Console" library="BuiltIn">
<arg>Eu sou o número 10!</arg>
<doc>Logs the given message to the console.</doc>
<status status="NOT RUN" starttime="20220224 16:28:43.115" endtime="20220224 16:28:43.115"/>
</kw>
<status status="NOT RUN" starttime="20220224 16:28:43.115" endtime="20220224 16:28:43.115"/>
</branch>
<branch type="ELSE">
<kw name="Log To Console" library="BuiltIn">
<arg>Eu não sou o número 5 e nem o 10!</arg>
<doc>Logs the given message to the console.</doc>
<status status="PASS" starttime="20220224 16:28:43.115" endtime="20220224 16:28:43.115"/>
</kw>
<status status="PASS" starttime="20220224 16:28:43.115" endtime="20220224 16:28:43.115"/>
</branch>
<status status="PASS" starttime="20220224 16:28:43.114" endtime="20220224 16:28:43.115"/>
</if>
<status status="PASS" starttime="20220224 16:28:43.114" endtime="20220224 16:28:43.115"/>
</iter>
<iter>
<var name="${CONTADOR}">5</var>
<if>
<branch type="IF" condition="${CONTADOR} == 5">
<kw name="Log To Console" library="BuiltIn">
<arg>Eu sou o número 5!</arg>
<doc>Logs the given message to the console.</doc>
<status status="PASS" starttime="20220224 16:28:43.115" endtime="20220224 16:28:43.116"/>
</kw>
<status status="PASS" starttime="20220224 16:28:43.115" endtime="20220224 16:28:43.116"/>
</branch>
<branch type="ELSE IF" condition="${CONTADOR} == 10">
<kw name="Log To Console" library="BuiltIn">
<arg>Eu sou o número 10!</arg>
<doc>Logs the given message to the console.</doc>
<status status="NOT RUN" starttime="20220224 16:28:43.116" endtime="20220224 16:28:43.116"/>
</kw>
<status status="NOT RUN" starttime="20220224 16:28:43.116" endtime="20220224 16:28:43.116"/>
</branch>
<branch type="ELSE">
<kw name="Log To Console" library="BuiltIn">
<arg>Eu não sou o número 5 e nem o 10!</arg>
<doc>Logs the given message to the console.</doc>
<status status="NOT RUN" starttime="20220224 16:28:43.116" endtime="20220224 16:28:43.116"/>
</kw>
<status status="NOT RUN" starttime="20220224 16:28:43.116" endtime="20220224 16:28:43.116"/>
</branch>
<status status="PASS" starttime="20220224 16:28:43.115" endtime="20220224 16:28:43.116"/>
</if>
<status status="PASS" starttime="20220224 16:28:43.115" endtime="20220224 16:28:43.116"/>
</iter>
<iter>
<var name="${CONTADOR}">6</var>
<if>
<branch type="IF" condition="${CONTADOR} == 5">
<kw name="Log To Console" library="BuiltIn">
<arg>Eu sou o número 5!</arg>
<doc>Logs the given message to the console.</doc>
<status status="NOT RUN" starttime="20220224 16:28:43.116" endtime="20220224 16:28:43.116"/>
</kw>
<status status="NOT RUN" starttime="20220224 16:28:43.116" endtime="20220224 16:28:43.116"/>
</branch>
<branch type="ELSE IF" condition="${CONTADOR} == 10">
<kw name="Log To Console" library="BuiltIn">
<arg>Eu sou o número 10!</arg>
<doc>Logs the given message to the console.</doc>
<status status="NOT RUN" starttime="20220224 16:28:43.116" endtime="20220224 16:28:43.116"/>
</kw>
<status status="NOT RUN" starttime="20220224 16:28:43.116" endtime="20220224 16:28:43.116"/>
</branch>
<branch type="ELSE">
<kw name="Log To Console" library="BuiltIn">
<arg>Eu não sou o número 5 e nem o 10!</arg>
<doc>Logs the given message to the console.</doc>
<status status="PASS" starttime="20220224 16:28:43.117" endtime="20220224 16:28:43.117"/>
</kw>
<status status="PASS" starttime="20220224 16:28:43.117" endtime="20220224 16:28:43.117"/>
</branch>
<status status="PASS" starttime="20220224 16:28:43.116" endtime="20220224 16:28:43.117"/>
</if>
<status status="PASS" starttime="20220224 16:28:43.116" endtime="20220224 16:28:43.117"/>
</iter>
<iter>
<var name="${CONTADOR}">7</var>
<if>
<branch type="IF" condition="${CONTADOR} == 5">
<kw name="Log To Console" library="BuiltIn">
<arg>Eu sou o número 5!</arg>
<doc>Logs the given message to the console.</doc>
<status status="NOT RUN" starttime="20220224 16:28:43.117" endtime="20220224 16:28:43.117"/>
</kw>
<status status="NOT RUN" starttime="20220224 16:28:43.117" endtime="20220224 16:28:43.117"/>
</branch>
<branch type="ELSE IF" condition="${CONTADOR} == 10">
<kw name="Log To Console" library="BuiltIn">
<arg>Eu sou o número 10!</arg>
<doc>Logs the given message to the console.</doc>
<status status="NOT RUN" starttime="20220224 16:28:43.118" endtime="20220224 16:28:43.118"/>
</kw>
<status status="NOT RUN" starttime="20220224 16:28:43.117" endtime="20220224 16:28:43.118"/>
</branch>
<branch type="ELSE">
<kw name="Log To Console" library="BuiltIn">
<arg>Eu não sou o número 5 e nem o 10!</arg>
<doc>Logs the given message to the console.</doc>
<status status="PASS" starttime="20220224 16:28:43.118" endtime="20220224 16:28:43.119"/>
</kw>
<status status="PASS" starttime="20220224 16:28:43.118" endtime="20220224 16:28:43.119"/>
</branch>
<status status="PASS" starttime="20220224 16:28:43.117" endtime="20220224 16:28:43.119"/>
</if>
<status status="PASS" starttime="20220224 16:28:43.117" endtime="20220224 16:28:43.119"/>
</iter>
<iter>
<var name="${CONTADOR}">8</var>
<if>
<branch type="IF" condition="${CONTADOR} == 5">
<kw name="Log To Console" library="BuiltIn">
<arg>Eu sou o número 5!</arg>
<doc>Logs the given message to the console.</doc>
<status status="NOT RUN" starttime="20220224 16:28:43.119" endtime="20220224 16:28:43.119"/>
</kw>
<status status="NOT RUN" starttime="20220224 16:28:43.119" endtime="20220224 16:28:43.119"/>
</branch>
<branch type="ELSE IF" condition="${CONTADOR} == 10">
<kw name="Log To Console" library="BuiltIn">
<arg>Eu sou o número 10!</arg>
<doc>Logs the given message to the console.</doc>
<status status="NOT RUN" starttime="20220224 16:28:43.119" endtime="20220224 16:28:43.119"/>
</kw>
<status status="NOT RUN" starttime="20220224 16:28:43.119" endtime="20220224 16:28:43.119"/>
</branch>
<branch type="ELSE">
<kw name="Log To Console" library="BuiltIn">
<arg>Eu não sou o número 5 e nem o 10!</arg>
<doc>Logs the given message to the console.</doc>
<status status="PASS" starttime="20220224 16:28:43.119" endtime="20220224 16:28:43.120"/>
</kw>
<status status="PASS" starttime="20220224 16:28:43.119" endtime="20220224 16:28:43.120"/>
</branch>
<status status="PASS" starttime="20220224 16:28:43.119" endtime="20220224 16:28:43.120"/>
</if>
<status status="PASS" starttime="20220224 16:28:43.119" endtime="20220224 16:28:43.120"/>
</iter>
<iter>
<var name="${CONTADOR}">9</var>
<if>
<branch type="IF" condition="${CONTADOR} == 5">
<kw name="Log To Console" library="BuiltIn">
<arg>Eu sou o número 5!</arg>
<doc>Logs the given message to the console.</doc>
<status status="NOT RUN" starttime="20220224 16:28:43.120" endtime="20220224 16:28:43.120"/>
</kw>
<status status="NOT RUN" starttime="20220224 16:28:43.120" endtime="20220224 16:28:43.120"/>
</branch>
<branch type="ELSE IF" condition="${CONTADOR} == 10">
<kw name="Log To Console" library="BuiltIn">
<arg>Eu sou o número 10!</arg>
<doc>Logs the given message to the console.</doc>
<status status="NOT RUN" starttime="20220224 16:28:43.120" endtime="20220224 16:28:43.120"/>
</kw>
<status status="NOT RUN" starttime="20220224 16:28:43.120" endtime="20220224 16:28:43.120"/>
</branch>
<branch type="ELSE">
<kw name="Log To Console" library="BuiltIn">
<arg>Eu não sou o número 5 e nem o 10!</arg>
<doc>Logs the given message to the console.</doc>
<status status="PASS" starttime="20220224 16:28:43.120" endtime="20220224 16:28:43.120"/>
</kw>
<status status="PASS" starttime="20220224 16:28:43.120" endtime="20220224 16:28:43.121"/>
</branch>
<status status="PASS" starttime="20220224 16:28:43.120" endtime="20220224 16:28:43.121"/>
</if>
<status status="PASS" starttime="20220224 16:28:43.120" endtime="20220224 16:28:43.121"/>
</iter>
<iter>
<var name="${CONTADOR}">10</var>
<if>
<branch type="IF" condition="${CONTADOR} == 5">
<kw name="Log To Console" library="BuiltIn">
<arg>Eu sou o número 5!</arg>
<doc>Logs the given message to the console.</doc>
<status status="NOT RUN" starttime="20220224 16:28:43.121" endtime="20220224 16:28:43.121"/>
</kw>
<status status="NOT RUN" starttime="20220224 16:28:43.121" endtime="20220224 16:28:43.121"/>
</branch>
<branch type="ELSE IF" condition="${CONTADOR} == 10">
<kw name="Log To Console" library="BuiltIn">
<arg>Eu sou o número 10!</arg>
<doc>Logs the given message to the console.</doc>
<status status="PASS" starttime="20220224 16:28:43.121" endtime="20220224 16:28:43.121"/>
</kw>
<status status="PASS" starttime="20220224 16:28:43.121" endtime="20220224 16:28:43.121"/>
</branch>
<branch type="ELSE">
<kw name="Log To Console" library="BuiltIn">
<arg>Eu não sou o número 5 e nem o 10!</arg>
<doc>Logs the given message to the console.</doc>
<status status="NOT RUN" starttime="20220224 16:28:43.121" endtime="20220224 16:28:43.121"/>
</kw>
<status status="NOT RUN" starttime="20220224 16:28:43.121" endtime="20220224 16:28:43.121"/>
</branch>
<status status="PASS" starttime="20220224 16:28:43.121" endtime="20220224 16:28:43.121"/>
</if>
<status status="PASS" starttime="20220224 16:28:43.121" endtime="20220224 16:28:43.121"/>
</iter>
<status status="PASS" starttime="20220224 16:28:43.111" endtime="20220224 16:28:43.121"/>
</for>
<status status="PASS" starttime="20220224 16:28:43.111" endtime="20220224 16:28:43.121"/>
</kw>
<status status="PASS" starttime="20220224 16:28:43.106" endtime="20220224 16:28:43.122"/>
</test>
<doc>Suite para exercitar o uso de condições e loops</doc>
<status status="PASS" starttime="20220224 16:28:43.094" endtime="20220224 16:28:43.122"/>
</suite>
<statistics>
<total>
<stat pass="1" fail="0" skip="0">All Tests</stat>
</total>
<tag>
</tag>
<suite>
<stat pass="1" fail="0" skip="0" id="s1" name="ExercicioIFsFor">ExercicioIFsFor</stat>
</suite>
</statistics>
<errors>
</errors>
</robot>
